Using pre-set license

 COMMAND LINE ARGUMENTS:
/Applications/Unity/Hub/Editor/2020.3.4f1/Unity.app/Contents/MacOS/Unity
-adb2
-batchMode
-noUpm
-name
AssetImportWorker0
-projectPath
/Users/nateshirey/Documents/1GPM/1GPM11/1GPM11
-logFile
Logs/AssetImportWorker0.log
-srvPort
61535
Successfully changed project path to: /Users/nateshirey/Documents/1GPM/1GPM11/1GPM11
/Users/nateshirey/Documents/1GPM/1GPM11/1GPM11
Using Asset Import Pipeline V2.
Refreshing native plugins compatible for Editor in 27.42 ms, found 1 plugins.
Preloading 0 native plugins for Editor in 0.00 ms.
Initialize engine version: 2020.3.4f1 (0abb6314276a)
[Subsystems] Discovering subsystems at path /Applications/Unity/Hub/Editor/2020.3.4f1/Unity.app/Contents/Resources/UnitySubsystems
[Subsystems] Discovering subsystems at path /Users/nateshirey/Documents/1GPM/1GPM11/1GPM11/Assets
GfxDevice: creating device client; threaded=0
2021-12-06 10:57:09.485 Unity[76405:4232818] Color LCD preferred device: AMD Radeon R9 M370X (high power)
2021-12-06 10:57:09.485 Unity[76405:4232818] Metal devices available: 2
2021-12-06 10:57:09.485 Unity[76405:4232818] 0: AMD Radeon R9 M370X (high power)
2021-12-06 10:57:09.485 Unity[76405:4232818] 1: Intel Iris Pro Graphics (low power)
2021-12-06 10:57:09.486 Unity[76405:4232818] Using device AMD Radeon R9 M370X (high power)
Initializing Metal device caps: AMD Radeon R9 M370X
Initialize mono
Mono path[0] = '/Applications/Unity/Hub/Editor/2020.3.4f1/Unity.app/Contents/Managed'
Mono path[1] = '/Applications/Unity/Hub/Editor/2020.3.4f1/Unity.app/Contents/MonoBleedingEdge/lib/mono/unityjit'
Mono config path = '/Applications/Unity/Hub/Editor/2020.3.4f1/Unity.app/Contents/MonoBleedingEdge/etc'
Using monoOptions --debugger-agent=transport=dt_socket,embedding=1,server=y,suspend=n,address=127.0.0.1:56405
Begin MonoManager ReloadAssembly
Registering precompiled unity dll's ...
Register platform support module: /Applications/Unity/Hub/Editor/2020.3.4f1/PlaybackEngines/WebGLSupport/UnityEditor.WebGL.Extensions.dll
Register platform support module: /Applications/Unity/Hub/Editor/2020.3.4f1/Unity.app/Contents/PlaybackEngines/MacStandaloneSupport/UnityEditor.OSXStandalone.Extensions.dll
Register platform support module: /Applications/Unity/Hub/Editor/2020.3.4f1/PlaybackEngines/WindowsStandaloneSupport/UnityEditor.WindowsStandalone.Extensions.dll
Registered in 0.001272 seconds.
Native extension for WindowsStandalone target not found
Native extension for OSXStandalone target not found
Native extension for WebGL target not found
Refreshing native plugins compatible for Editor in 29.09 ms, found 1 plugins.
Preloading 0 native plugins for Editor in 0.00 ms.
Mono: successfully reloaded assembly
- Completed reload, in  2.675 seconds
Platform modules already initialized, skipping
Registering precompiled user dll's ...
Registered in 0.000459 seconds.
Begin MonoManager ReloadAssembly
Native extension for WindowsStandalone target not found
Native extension for OSXStandalone target not found
Native extension for WebGL target not found
Refreshing native plugins compatible for Editor in 0.77 ms, found 1 plugins.
Preloading 0 native plugins for Editor in 0.00 ms.
Mono: successfully reloaded assembly
- Completed reload, in  1.172 seconds
Platform modules already initialized, skipping
========================================================================
Worker process is ready to serve import requests
Launching external process: /Applications/Unity/Hub/Editor/2020.3.4f1/Unity.app/Contents/Tools/UnityShaderCompiler
Launched and connected shader compiler UnityShaderCompiler after 0.01 seconds
Refreshing native plugins compatible for Editor in 0.28 ms, found 1 plugins.
Preloading 0 native plugins for Editor in 0.00 ms.
Unloading 1115 Unused Serialized files (Serialized files now loaded: 0)
System memory in use before: 111.0 MB.
System memory in use after: 111.0 MB.

Unloading 10 unused Assets to reduce memory usage. Loaded Objects now: 1557.
Total: 2.968388 ms (FindLiveObjects: 0.184682 ms CreateObjectMapping: 0.060245 ms MarkObjects: 2.619328 ms  DeleteObjects: 0.102740 ms)

========================================================================
Received Import Request.
  path: Assets/Scenes
  artifactKey: Guid(7223c4375e52749339115da868ea7d43) Importer(815301076,1909f56bfc062723c751e8b465ee728b)
Start importing Assets/Scenes using Guid(7223c4375e52749339115da868ea7d43) Importer(815301076,1909f56bfc062723c751e8b465ee728b)  -> (artifact id: '75c80506d19668830b791be9375842d5') in 0.004099 seconds
  Import took 0.006430 seconds .

========================================================================
Received Import Request.
  Time since last request: 7.552576 seconds.
  path: Assets/Scripts
  artifactKey: Guid(4687438f7b89843ed86768ed05a3d28a) Importer(815301076,1909f56bfc062723c751e8b465ee728b)
Start importing Assets/Scripts using Guid(4687438f7b89843ed86768ed05a3d28a) Importer(815301076,1909f56bfc062723c751e8b465ee728b)  -> (artifact id: 'f9c21fdbac44a4a164805c2619392fc4') in 0.002456 seconds
  Import took 0.005238 seconds .

========================================================================
Received Import Request.
  Time since last request: 9.779915 seconds.
  path: Assets/Scripts/Needle.cs
  artifactKey: Guid(1595c10d1e8c34368ad70f5e4a762cd4) Importer(815301076,1909f56bfc062723c751e8b465ee728b)
Start importing Assets/Scripts/Needle.cs using Guid(1595c10d1e8c34368ad70f5e4a762cd4) Importer(815301076,1909f56bfc062723c751e8b465ee728b)  -> (artifact id: '986474cb4619a4acc5bd5529c902cc67') in 0.320186 seconds
  Import took 0.322473 seconds .

========================================================================
Received Prepare
Registering precompiled user dll's ...
Registered in 0.000438 seconds.
Begin MonoManager ReloadAssembly
Native extension for WindowsStandalone target not found
Native extension for OSXStandalone target not found
Native extension for WebGL target not found
Refreshing native plugins compatible for Editor in 0.38 ms, found 1 plugins.
Preloading 0 native plugins for Editor in 0.00 ms.
Mono: successfully reloaded assembly
- Completed reload, in  1.184 seconds
Platform modules already initialized, skipping
Refreshing native plugins compatible for Editor in 0.25 ms, found 1 plugins.
Preloading 0 native plugins for Editor in 0.00 ms.
Unloading 1111 Unused Serialized files (Serialized files now loaded: 0)
System memory in use before: 115.5 MB.
System memory in use after: 115.5 MB.

Unloading 5 unused Assets to reduce memory usage. Loaded Objects now: 1561.
Total: 2.467399 ms (FindLiveObjects: 0.196246 ms CreateObjectMapping: 0.072624 ms MarkObjects: 2.129726 ms  DeleteObjects: 0.067101 ms)

========================================================================
Received Prepare
Registering precompiled user dll's ...
Registered in 0.000463 seconds.
Begin MonoManager ReloadAssembly
Native extension for WindowsStandalone target not found
Native extension for OSXStandalone target not found
Native extension for WebGL target not found
Refreshing native plugins compatible for Editor in 0.49 ms, found 1 plugins.
Preloading 0 native plugins for Editor in 0.00 ms.
Mono: successfully reloaded assembly
- Completed reload, in  1.236 seconds
Platform modules already initialized, skipping
Refreshing native plugins compatible for Editor in 0.49 ms, found 1 plugins.
Preloading 0 native plugins for Editor in 0.00 ms.
Unloading 1407 Unused Serialized files (Serialized files now loaded: 0)
System memory in use before: 117.3 MB.
System memory in use after: 117.4 MB.

Unloading 3 unused Assets to reduce memory usage. Loaded Objects now: 1857.
Total: 1.897838 ms (FindLiveObjects: 0.256955 ms CreateObjectMapping: 0.052048 ms MarkObjects: 1.526158 ms  DeleteObjects: 0.061179 ms)

